        -:    0:Source:randomtestadventure.c
        -:    0:Graph:randomtestadventure.gcno
        -:    0:Data:randomtestadventure.gcda
        -:    0:Runs:1
        -:    0:Programs:1
        -:    1:#include "dominion.h"
        -:    2:#include "dominion_helpers.h"
        -:    3:#include "rngs.h"
        -:    4:#include <stdio.h>
        -:    5:#include <stdlib.h>
        -:    6:#include <assert.h>
        -:    7:#include <time.h>
        -:    8:#define MAX_TESTS 1300
        -:    9:
        -:   10://This randomly tests adventure
        -:   11:
        1:   12:int main(int argc, char *argv[]) {
        -:   13:
        1:   14:	srand(time(NULL));
        1:   15:	int k[10] = {adventurer, gardens, embargo, village, minion, mine, cutpurse, 
        -:   16:		sea_hag, tribute, smithy};
        -:   17:
        -:   18:	int i, ranseed, test;
        1:   19:	if(argc > 1){
    #####:   20:		ranseed = atoi(argv[1]);
    #####:   21:		printf("Seed Set to %d\n", ranseed);
        -:   22:	}
        -:   23:	else{
        1:   24:		ranseed = 42;
        -:   25:	}
        -:   26:	struct gameState g;
        1:   27:	struct gameState *playGame = &g;
        1:   28:	srand(time(NULL));
        1:   29:	printf("Running Random Card Test for Adventure\n");
        1:   30:	int players = 4;
        1:   31:	int creatingGame = initializeGame(players, k, ranseed, playGame);
        1:   32:	if(creatingGame != 0){
    #####:   33:		printf("Failed to initialize game\n");
    #####:   34:		exit(0);
        -:   35:	}
        -:   36:
        -:   37:
     1301:   38:	for (i = 0; i < MAX_TESTS; i++) {
     1300:   39:		whoseTurn(playGame);
        -:   40:		/*	choice1 = rand() % 100 + i;
        -:   41:			choice2 = rand() % 100 + i;
        -:   42:			choice3 = rand() % 100 + i;*/
     1300:   43:		int handPos = rand() % 100 + i;
     1300:   44:		int bonus = rand() % 100 + i;
        -:   45:
        -:   46:
     1300:   47:		test = cardEffect(gardens, 0, 0, 0, playGame, handPos, &bonus);		//Call to gardens
     1300:   48:		if(test != 0){
    #####:   49:			printf("Failed to run adventure card\n");
    #####:   50:			exit(0);
        -:   51:		}
     1300:   52:		endTurn(playGame);
        -:   53:	}
        1:   54:	printf("Test Completed succesfully\n");
        -:   55:
        1:   56:	return 0;
        -:   57:
        -:   58:}
